
*** Running vivado
    with args -log top.vds -m64 -product Vivado -mode batch -messageDb vivado.pb -notrace -source top.tcl



****** Vivado v2020.1 (64-bit)
  **** SW Build 2902540 on Wed May 27 19:54:49 MDT 2020
  **** IP Build 2902112 on Wed May 27 22:43:36 MDT 2020
    ** Copyright 1986-2020 Xilinx, Inc. All Rights Reserved.

source top.tcl -notrace
Command: synth_design -top top -part xc7a50ticsg324-1L
Starting synth_design
Attempting to get a license for feature 'Synthesis' and/or device 'xc7a50ti'
INFO: [Common 17-349] Got license for feature 'Synthesis' and/or device 'xc7a50ti'
INFO: [Device 21-403] Loading part xc7a50ticsg324-1L
INFO: [Synth 8-7079] Multithreading enabled for synth_design using a maximum of 2 processes.
INFO: [Synth 8-7078] Launching helper process for spawning children vivado processes
INFO: [Synth 8-7075] Helper process launched with PID 8716
---------------------------------------------------------------------------------
Starting RTL Elaboration : Time (s): cpu = 00:00:04 ; elapsed = 00:00:04 . Memory (MB): peak = 1022.828 ; gain = 0.000
---------------------------------------------------------------------------------
INFO: [Synth 8-638] synthesizing module 'top' [D:/Documents/230612/digital-electronics-1/labs/06-counter/counter/counter.srcs/sources_1/new/top.vhd:52]
INFO: [Synth 8-638] synthesizing module 'clock_enable' [D:/Documents/230612/digital-electronics-1/labs/06-counter/counter/counter.srcs/sources_1/new/clock_enable.vhd:36]
	Parameter g_MAX bound to: 100000000 - type: integer 
INFO: [Synth 8-256] done synthesizing module 'clock_enable' (1#1) [D:/Documents/230612/digital-electronics-1/labs/06-counter/counter/counter.srcs/sources_1/new/clock_enable.vhd:36]
INFO: [Synth 8-638] synthesizing module 'clock_enable__parameterized0' [D:/Documents/230612/digital-electronics-1/labs/06-counter/counter/counter.srcs/sources_1/new/clock_enable.vhd:36]
	Parameter g_MAX bound to: 10000000 - type: integer 
INFO: [Synth 8-256] done synthesizing module 'clock_enable__parameterized0' (1#1) [D:/Documents/230612/digital-electronics-1/labs/06-counter/counter/counter.srcs/sources_1/new/clock_enable.vhd:36]
INFO: [Synth 8-638] synthesizing module 'cnt_up_down' [D:/Documents/230612/digital-electronics-1/labs/06-counter/counter/counter.srcs/sources_1/new/cnt_up_down.vhd:35]
	Parameter g_CNT_WIDTH bound to: 4 - type: integer 
INFO: [Synth 8-256] done synthesizing module 'cnt_up_down' (2#1) [D:/Documents/230612/digital-electronics-1/labs/06-counter/counter/counter.srcs/sources_1/new/cnt_up_down.vhd:35]
INFO: [Synth 8-638] synthesizing module 'cnt_up_down__parameterized0' [D:/Documents/230612/digital-electronics-1/labs/06-counter/counter/counter.srcs/sources_1/new/cnt_up_down.vhd:35]
	Parameter g_CNT_WIDTH bound to: 16 - type: integer 
INFO: [Synth 8-256] done synthesizing module 'cnt_up_down__parameterized0' (2#1) [D:/Documents/230612/digital-electronics-1/labs/06-counter/counter/counter.srcs/sources_1/new/cnt_up_down.vhd:35]
INFO: [Synth 8-638] synthesizing module 'hex_7seg' [D:/Documents/230612/digital-electronics-1/labs/06-counter/counter/counter.srcs/sources_1/new/hex_7seg.vhd:28]
INFO: [Synth 8-256] done synthesizing module 'hex_7seg' (3#1) [D:/Documents/230612/digital-electronics-1/labs/06-counter/counter/counter.srcs/sources_1/new/hex_7seg.vhd:28]
ERROR: [Synth 8-7055] Out of bounds slice access for array led [D:/Documents/230612/digital-electronics-1/labs/06-counter/counter/counter.srcs/sources_1/new/top.vhd:127]
ERROR: [Synth 8-97] array index 15 out of range [D:/Documents/230612/digital-electronics-1/labs/06-counter/counter/counter.srcs/sources_1/new/top.vhd:127]
ERROR: [Synth 8-285] failed synthesizing module 'top' [D:/Documents/230612/digital-electronics-1/labs/06-counter/counter/counter.srcs/sources_1/new/top.vhd:52]
---------------------------------------------------------------------------------
Finished RTL Elaboration : Time (s): cpu = 00:00:05 ; elapsed = 00:00:05 . Memory (MB): peak = 1022.828 ; gain = 0.000
---------------------------------------------------------------------------------
RTL Elaboration failed
INFO: [Common 17-83] Releasing license: Synthesis
17 Infos, 0 Warnings, 0 Critical Warnings and 4 Errors encountered.
synth_design failed
ERROR: [Common 17-69] Command failed: Synthesis failed - please see the console or run log file for details
INFO: [Common 17-206] Exiting Vivado at Wed Mar 23 10:42:52 2022...
